1.863842374999999763e+01
1.910024312500000221e+01
1.899055375000000367e+01
1.996367750000000640e+01
1.948850249999999917e+01
1.893567906250000021e+01
1.919058624999999907e+01
1.886682624999999547e+01
1.934418749999999676e+01
1.914551875000000081e+01
1.941654562500000125e+01
1.908979937499999835e+01
1.909594312500000513e+01
1.953790156250000010e+01
1.925151718749999930e+01
1.893194093750000206e+01
1.888713906250000107e+01
1.927441437499999921e+01
1.975850343749999993e+01
1.912584906249999861e+01
1.887826562500000094e+01
1.892972281249999966e+01
1.932718249999999927e+01
1.927022781249999994e+01
1.933697125000000128e+01
1.921651406249999994e+01
1.929711937500000118e+01
1.898743187499999863e+01
1.898294624999999769e+01
1.881055375000000041e+01
1.875372906250000327e+01
1.917738124999999982e+01
1.921103624999999937e+01
1.946510031249999884e+01
1.937406031250000282e+01
1.913751874999999814e+01
1.936192312499999701e+01
1.911409000000000447e+01
1.960024281249999589e+01
1.904383562500000338e+01
1.907838562499999924e+01
1.881263718750000180e+01
1.909929750000000226e+01
1.912804218749999663e+01
1.940078718750000064e+01
1.913597718750000354e+01
1.914791718749999916e+01
1.921398718749999901e+01
1.920089999999999719e+01
1.916911781250000146e+01
1.886039593750000165e+01
1.953565562500000041e+01
1.943263437499999924e+01
1.929535343750000109e+01
1.873545218750000174e+01
1.900871156250000027e+01
1.930925562499999870e+01
1.915381781249999804e+01
1.926826875000000427e+01
1.929560249999999755e+01
1.922919812499999992e+01
1.895382062500000231e+01
1.939865812499999720e+01
1.905836281250000397e+01
1.894983812499999587e+01
1.914030562499999988e+01
1.873619031249999622e+01
1.898158000000000101e+01
1.965984468749999792e+01
1.901750999999999792e+01
1.916556218750000085e+01
2.025453874999999826e+01
1.904995062500000103e+01
1.957527437499999579e+01
1.951951156249999997e+01
1.898669937500000060e+01
1.878574562500000056e+01
1.932326562499999767e+01
1.923789531249999740e+01
1.913444718749999751e+01
1.936793593750000042e+01
1.916791249999999991e+01
1.910648187499999651e+01
1.913010656250000352e+01
1.996876156250000278e+01
1.889234906250000279e+01
1.891453593750000195e+01
1.891943187500000079e+01
1.878733781249999879e+01
1.937984406250000546e+01
1.893563437499999935e+01
1.920526812500000347e+01
1.961787468750000230e+01
1.960369687500000069e+01
1.880188406249999389e+01
1.927322124999999886e+01
1.852475781249999542e+01
1.921617781250000334e+01
1.924150750000000087e+01
1.891897156250000123e+01
1.900717656249999976e+01
1.885407843750000012e+01
1.901009218749999974e+01
1.910823312500000171e+01
1.922826374999999999e+01
1.931813250000000082e+01
1.915970343749999572e+01
1.878452999999999662e+01
1.922268624999999886e+01
1.905609531250000188e+01
1.917591718750000140e+01
1.883878843750000343e+01
1.894429468749999756e+01
1.911662406250000146e+01
1.935080999999999918e+01
1.910011093749999844e+01
1.889215656250000208e+01
1.917207312499999716e+01
1.907474937499999967e+01
1.886099281250000459e+01
1.914252843749999755e+01
1.894838249999999746e+01
1.870989187500000028e+01
1.894729750000000479e+01
1.919036437499999792e+01
1.883229875000000320e+01
1.907134531249999654e+01
1.885387687500000453e+01
1.921169656249999846e+01
1.901413406249999838e+01
1.915665500000000065e+01
1.906461968750000224e+01
1.900296187500000400e+01
1.898257875000000183e+01
1.887885124999999675e+01
1.954278750000000286e+01
1.928408624999999788e+01
1.895088468749999677e+01
1.936100187500000303e+01
1.910893656249999850e+01
1.923578968749999873e+01
1.909269625000000659e+01
1.941172812499999978e+01
1.900597656249999901e+01
1.901570906250000093e+01
1.944568562499999942e+01
1.949185562499999946e+01
1.904721750000000213e+01
1.857132843750000006e+01
1.898800750000000193e+01
2.005287062500000062e+01
1.916409281250000163e+01
1.933550999999999931e+01
1.909678968750000649e+01
1.969980031250000252e+01
1.921853062499999965e+01
1.885044312499999464e+01
1.930212968750000258e+01
1.895486187500000241e+01
1.919893281249999717e+01
1.944288750000000121e+01
1.896939437499999670e+01
1.922772624999999991e+01
1.919875218749999846e+01
1.911523031249999960e+01
1.876268281249999959e+01
1.901202781250000129e+01
1.954340343749999676e+01
1.895088562499999796e+01
1.895227125000000257e+01
1.890065031250000160e+01
1.916294624999999741e+01
1.908633937500000144e+01
1.931735156250000074e+01
1.888673968750000398e+01
1.944809500000000213e+01
1.916797812500000120e+01
1.920481968750000235e+01
1.897933843750000094e+01
1.925221625000000003e+01
1.917623062499999875e+01
1.939714187499999554e+01
1.891210406249999920e+01
1.946333374999999677e+01
1.892724218749999920e+01
1.941617468749999631e+01
1.926013562500000376e+01
1.883957781249999996e+01
1.914830937500000019e+01
1.922304499999999550e+01
2.301584281250000075e+01
2.418096218750000403e+01
2.102964781249999504e+01
2.376036531249999584e+01
2.241996031250000243e+01
2.176240218750000111e+01
2.145782750000000050e+01
2.119952562499999971e+01
2.310659718750000025e+01
2.248453781250000461e+01
1.983922218749999900e+01
2.205731937499999873e+01
2.203927312499999758e+01
2.072619656250000020e+01
2.212176593749999753e+01
1.959033124999999842e+01
2.153517000000000081e+01
2.132676249999999740e+01
2.204799562499999865e+01
2.244516531249999858e+01
2.052459749999999872e+01
2.329225093750000752e+01
2.241497656250000148e+01
2.044297187500000135e+01
2.356109125000000049e+01
2.282240343749999312e+01
2.013383593750000244e+01
2.319533125000000595e+01
2.332721031249999299e+01
2.165909531249999631e+01
2.171667343750000256e+01
2.204411593749999554e+01
2.207071406249999868e+01
2.266779031250000287e+01
2.063123843750000219e+01
2.253193375000000032e+01
2.248625406250000225e+01
2.003062249999999622e+01
2.310778968749999862e+01
2.188317625000000533e+01
2.347424593750000099e+01
2.285273687500000150e+01
1.976373593750000168e+01
2.376420187500000125e+01
2.277688906249999690e+01
2.042286906250000200e+01
2.214299875000000029e+01
2.180069249999999670e+01
2.088171843749999823e+01
2.149505312500000187e+01
2.113700874999999968e+01
2.107483374999999981e+01
2.238601031250000162e+01
2.091946249999999807e+01
2.237391062500000061e+01
2.266334656249999568e+01
2.046620468749999944e+01
2.271081374999999980e+01
2.272823656250000113e+01
2.076680062499999835e+01
2.279547749999999695e+01
2.361130531250000075e+01
2.034063093750000206e+01
2.361419593749999635e+01
2.353178937499999890e+01
2.014381218750000002e+01
2.361270125000000064e+01
2.402655750000000623e+01
2.028549781250000095e+01
2.041701375000000240e+01
2.359779656249999746e+01
2.025458187499999951e+01
2.083154218749999842e+01
2.185857499999999831e+01
2.032623624999999734e+01
2.122602125000000228e+01
2.231056687499999924e+01
2.074715281249999776e+01
2.241621062500000150e+01
2.304285500000000297e+01
2.137646687499999842e+01
2.300454281249999866e+01
2.222219968750000163e+01
2.145854437499999534e+01
2.253744125000000054e+01
2.191117125000000243e+01
2.149806718750000201e+01
2.267208656249999876e+01
2.147990593750000343e+01
2.210696875000000006e+01
2.288912656250000310e+01
2.257854500000000186e+01
2.180570593750000086e+01
2.231056500000000398e+01
1.931577937500000175e+01
1.840894968749999805e+01
1.883244468750000067e+01
1.873459250000000509e+01
1.859569062500000314e+01
1.850325656250000605e+01
1.853351812499999696e+01
1.838950093749999937e+01
1.869136343749999796e+01
1.867723656249999920e+01
1.890620999999999796e+01
1.875271656249999808e+01
1.877313718750000149e+01
1.874552968749999948e+01
1.845247250000000250e+01
1.856396312500000079e+01
1.865994718749999848e+01
1.847825281249999563e+01
1.858643843750000002e+01
1.888157999999999959e+01
1.859737093749999204e+01
1.850859031250000086e+01
1.855987874999999576e+01
1.830353093749999971e+01
1.897469906250000093e+01
1.867717874999999950e+01
1.867694250000000267e+01
1.863633218749999898e+01
1.900432625000000186e+01
1.893511062500000364e+01
1.865038593749999762e+01
1.860003656249999793e+01
1.857226687500000040e+01
1.898294781249999730e+01
1.852939562499999582e+01
1.868372218750000258e+01
1.933879562499999949e+01
1.885736593749999912e+01
1.893897125000000159e+01
1.880114656249999427e+01
1.881210187500000330e+01
1.841569968750000186e+01
1.893079624999999666e+01
1.887033249999999995e+01
1.893048437500000247e+01
1.882217468749999867e+01
1.836832406249999394e+01
1.899671093749999784e+01
1.845105312500000494e+01
1.868138343749999919e+01
1.845280406249999672e+01
1.914678874999999891e+01
1.876577875000000617e+01
1.876834187500000084e+01
1.850569687499999816e+01
1.905018062499999587e+01
1.884040593750000170e+01
1.875397593750000169e+01
1.897583656249999962e+01
1.877101593749999964e+01
1.845203062499999902e+01
1.911953687500000143e+01
1.860130749999999722e+01
1.895622312500000461e+01
1.904112031249999859e+01
1.840987531249999520e+01
1.792107343750000226e+01
1.857927499999999910e+01
1.942548031250000307e+01
1.905558437500000224e+01
1.908455062499999855e+01
1.836137593750000008e+01
1.876721999999999824e+01
1.868868187499999678e+01
1.919797093750000627e+01
1.886246031249999788e+01
1.888622374999999920e+01
1.894760000000000133e+01
1.896970124999999996e+01
1.851622218750000570e+01
1.882144031250000538e+01
1.875649406249999984e+01
1.901297468750000164e+01
1.857501812499999971e+01
1.905484812499999947e+01
1.902248124999999845e+01
1.895797749999999837e+01
1.888690062500000266e+01
1.851797749999999354e+01
1.836255562500000238e+01
1.866339312499999892e+01
1.833281656249999614e+01
1.868238249999999923e+01
1.848440531249999808e+01
1.864719812500000273e+01
1.885910343750000351e+01
1.853472906250000207e+01
1.890708749999999938e+01
1.853461093749999478e+01
1.871355031250000067e+01
1.859949874999999864e+01
1.839860593749999751e+01
1.852500343750000056e+01
1.897073093750000439e+01
1.890477750000000157e+01
1.850091875000000385e+01
1.849286062500000227e+01
1.866953187499999345e+01
1.895412843749999965e+01
1.917640687500000141e+01
1.839117406249999931e+01
1.869410531249999607e+01
1.862928718750000456e+01
1.880430812500000215e+01
1.822790312500000454e+01
1.864718843750000232e+01
