6.528199999999999648e+01
6.528199999999999648e+01
6.528199999999999648e+01
6.528199999999999648e+01
6.528199999999999648e+01
6.528199999999999648e+01
6.528199999999999648e+01
6.528199999999999648e+01
6.528199999999999648e+01
6.528199999999999648e+01
6.528199999999999648e+01
6.528199999999999648e+01
6.528199999999999648e+01
6.528199999999999648e+01
6.528199999999999648e+01
6.528199999999999648e+01
6.528199999999999648e+01
6.528199999999999648e+01
6.846299999999999386e+01
6.846299999999999386e+01
6.846299999999999386e+01
6.846299999999999386e+01
6.846299999999999386e+01
6.846299999999999386e+01
6.846299999999999386e+01
6.846299999999999386e+01
6.846299999999999386e+01
6.846299999999999386e+01
6.846299999999999386e+01
6.846299999999999386e+01
6.846299999999999386e+01
6.846299999999999386e+01
6.846299999999999386e+01
6.846299999999999386e+01
6.846299999999999386e+01
6.846299999999999386e+01
6.846299999999999386e+01
6.846299999999999386e+01
6.846299999999999386e+01
6.846299999999999386e+01
6.846299999999999386e+01
6.846299999999999386e+01
6.846299999999999386e+01
6.847100000000000364e+01
6.847100000000000364e+01
6.847100000000000364e+01
6.847100000000000364e+01
6.847100000000000364e+01
6.847100000000000364e+01
6.847100000000000364e+01
6.847100000000000364e+01
6.847100000000000364e+01
6.847100000000000364e+01
6.847100000000000364e+01
6.847100000000000364e+01
6.847100000000000364e+01
6.847100000000000364e+01
6.847100000000000364e+01
6.847100000000000364e+01
6.847100000000000364e+01
6.847100000000000364e+01
6.847100000000000364e+01
6.847100000000000364e+01
6.847100000000000364e+01
6.847100000000000364e+01
6.847100000000000364e+01
6.856000000000000227e+01
6.856000000000000227e+01
6.856000000000000227e+01
6.856000000000000227e+01
6.856000000000000227e+01
6.856000000000000227e+01
6.856000000000000227e+01
6.856000000000000227e+01
6.856000000000000227e+01
6.856000000000000227e+01
6.856000000000000227e+01
6.856000000000000227e+01
6.856000000000000227e+01
6.856000000000000227e+01
6.856000000000000227e+01
6.856000000000000227e+01
6.856000000000000227e+01
6.856000000000000227e+01
6.856000000000000227e+01
6.856000000000000227e+01
6.856000000000000227e+01
6.856000000000000227e+01
6.856000000000000227e+01
6.856000000000000227e+01
6.856000000000000227e+01
6.856000000000000227e+01
6.856000000000000227e+01
6.856000000000000227e+01
6.856000000000000227e+01
6.856000000000000227e+01
6.856000000000000227e+01
6.856000000000000227e+01
6.856000000000000227e+01
6.856000000000000227e+01
6.856000000000000227e+01
6.856000000000000227e+01
6.856000000000000227e+01
6.856000000000000227e+01
6.856000000000000227e+01
6.856000000000000227e+01
6.856000000000000227e+01
6.856000000000000227e+01
6.856000000000000227e+01
6.856000000000000227e+01
6.856000000000000227e+01
6.856000000000000227e+01
6.856000000000000227e+01
6.856000000000000227e+01
6.856000000000000227e+01
6.856000000000000227e+01
6.856000000000000227e+01
6.856000000000000227e+01
6.856000000000000227e+01
6.856000000000000227e+01
6.856000000000000227e+01
6.856000000000000227e+01
6.856000000000000227e+01
6.856000000000000227e+01
6.856000000000000227e+01
6.856000000000000227e+01
6.856000000000000227e+01
6.856000000000000227e+01
6.856000000000000227e+01
6.856000000000000227e+01
6.856000000000000227e+01
6.856000000000000227e+01
6.856000000000000227e+01
6.856000000000000227e+01
6.944899999999999807e+01
6.944899999999999807e+01
6.944899999999999807e+01
6.944899999999999807e+01
6.944899999999999807e+01
6.944899999999999807e+01
6.944899999999999807e+01
6.944899999999999807e+01
6.944899999999999807e+01
6.944899999999999807e+01
6.944899999999999807e+01
6.944899999999999807e+01
6.944899999999999807e+01
6.944899999999999807e+01
6.944899999999999807e+01
6.944899999999999807e+01
6.944899999999999807e+01
6.944899999999999807e+01
6.944899999999999807e+01
6.944899999999999807e+01
6.904800000000000182e+01
6.904800000000000182e+01
6.904800000000000182e+01
6.904800000000000182e+01
6.904800000000000182e+01
6.904800000000000182e+01
6.904800000000000182e+01
6.904800000000000182e+01
6.904800000000000182e+01
6.904800000000000182e+01
6.904800000000000182e+01
6.904800000000000182e+01
6.904800000000000182e+01
6.904800000000000182e+01
6.904800000000000182e+01
6.904800000000000182e+01
6.904800000000000182e+01
6.904800000000000182e+01
6.904800000000000182e+01
6.914600000000000080e+01
6.914600000000000080e+01
6.914600000000000080e+01
6.914600000000000080e+01
6.914600000000000080e+01
6.914600000000000080e+01
6.914600000000000080e+01
6.914600000000000080e+01
6.914600000000000080e+01
6.914600000000000080e+01
6.914600000000000080e+01
6.914600000000000080e+01
6.914600000000000080e+01
6.914600000000000080e+01
6.914600000000000080e+01
6.914600000000000080e+01
6.914600000000000080e+01
6.914600000000000080e+01
6.914600000000000080e+01
6.914600000000000080e+01
6.914600000000000080e+01
6.914600000000000080e+01
6.935200000000000387e+01
6.935200000000000387e+01
6.935200000000000387e+01
6.935200000000000387e+01
6.935200000000000387e+01
6.935200000000000387e+01
6.935200000000000387e+01
6.935200000000000387e+01
6.935200000000000387e+01
6.935200000000000387e+01
6.935200000000000387e+01
6.935200000000000387e+01
6.935200000000000387e+01
6.935200000000000387e+01
6.935200000000000387e+01
6.935200000000000387e+01
6.935200000000000387e+01
6.935200000000000387e+01
6.935200000000000387e+01
6.935200000000000387e+01
6.935200000000000387e+01
6.935200000000000387e+01
6.935200000000000387e+01
6.895000000000000284e+01
6.895000000000000284e+01
6.895000000000000284e+01
6.895000000000000284e+01
6.895000000000000284e+01
6.895000000000000284e+01
6.895000000000000284e+01
6.895000000000000284e+01
6.895000000000000284e+01
6.895000000000000284e+01
6.895000000000000284e+01
6.895000000000000284e+01
6.895000000000000284e+01
6.895000000000000284e+01
6.895000000000000284e+01
6.895000000000000284e+01
6.895000000000000284e+01
6.895000000000000284e+01
6.895000000000000284e+01
6.895000000000000284e+01
6.895000000000000284e+01
6.895000000000000284e+01
6.895000000000000284e+01
6.895000000000000284e+01
6.895000000000000284e+01
6.895000000000000284e+01
6.904800000000000182e+01
6.904800000000000182e+01
6.904800000000000182e+01
6.904800000000000182e+01
6.904800000000000182e+01
6.904800000000000182e+01
6.904800000000000182e+01
6.904800000000000182e+01
6.904800000000000182e+01
6.904800000000000182e+01
6.904800000000000182e+01
6.904800000000000182e+01
6.904800000000000182e+01
6.904800000000000182e+01
6.904800000000000182e+01
6.904800000000000182e+01
6.904800000000000182e+01
6.904800000000000182e+01
6.904800000000000182e+01
6.904800000000000182e+01
6.904800000000000182e+01
6.904800000000000182e+01
6.904800000000000182e+01
6.904800000000000182e+01
6.904800000000000182e+01
7.014499999999999602e+01
7.014499999999999602e+01
7.014499999999999602e+01
7.014499999999999602e+01
7.014499999999999602e+01
7.014499999999999602e+01
7.014499999999999602e+01
7.014499999999999602e+01
7.014499999999999602e+01
7.014499999999999602e+01
7.014499999999999602e+01
7.014499999999999602e+01
7.014499999999999602e+01
7.014499999999999602e+01
7.014499999999999602e+01
7.014499999999999602e+01
7.014499999999999602e+01
7.014499999999999602e+01
7.014499999999999602e+01
7.014499999999999602e+01
7.014499999999999602e+01
7.014499999999999602e+01
1.961129999999999995e+02
1.961129999999999995e+02
1.961129999999999995e+02
1.961129999999999995e+02
1.961129999999999995e+02
1.961129999999999995e+02
1.961129999999999995e+02
1.961129999999999995e+02
1.961129999999999995e+02
1.961129999999999995e+02
1.961129999999999995e+02
1.961129999999999995e+02
1.961129999999999995e+02
1.961129999999999995e+02
1.961129999999999995e+02
1.961129999999999995e+02
1.961129999999999995e+02
1.961129999999999995e+02
1.961129999999999995e+02
1.961129999999999995e+02
1.961129999999999995e+02
1.961129999999999995e+02
1.961129999999999995e+02
1.961129999999999995e+02
1.961129999999999995e+02
1.988410000000000082e+02
1.988410000000000082e+02
1.988410000000000082e+02
1.988410000000000082e+02
1.988410000000000082e+02
1.988410000000000082e+02
1.988410000000000082e+02
1.988410000000000082e+02
1.988410000000000082e+02
1.988410000000000082e+02
1.988410000000000082e+02
1.988410000000000082e+02
1.988410000000000082e+02
1.988410000000000082e+02
1.988410000000000082e+02
1.988410000000000082e+02
1.988410000000000082e+02
1.988410000000000082e+02
1.988410000000000082e+02
1.988410000000000082e+02
1.988410000000000082e+02
1.988410000000000082e+02
1.988410000000000082e+02
1.988410000000000082e+02
1.996069999999999993e+02
1.996069999999999993e+02
1.996069999999999993e+02
1.996069999999999993e+02
1.996069999999999993e+02
1.996069999999999993e+02
1.996069999999999993e+02
1.996069999999999993e+02
1.996069999999999993e+02
1.996069999999999993e+02
1.996069999999999993e+02
1.996069999999999993e+02
1.996069999999999993e+02
1.996069999999999993e+02
1.996069999999999993e+02
1.996069999999999993e+02
1.996069999999999993e+02
1.996069999999999993e+02
1.996069999999999993e+02
1.996069999999999993e+02
1.996069999999999993e+02
1.996069999999999993e+02
1.996069999999999993e+02
1.996069999999999993e+02
1.996069999999999993e+02
1.996069999999999993e+02
6.885999999999999943e+01
6.885999999999999943e+01
6.885999999999999943e+01
6.885999999999999943e+01
6.885999999999999943e+01
6.885999999999999943e+01
6.885999999999999943e+01
6.885999999999999943e+01
6.885999999999999943e+01
6.885999999999999943e+01
6.885999999999999943e+01
6.885999999999999943e+01
6.885999999999999943e+01
6.885999999999999943e+01
6.885999999999999943e+01
6.885999999999999943e+01
6.885999999999999943e+01
6.885999999999999943e+01
6.885999999999999943e+01
6.885999999999999943e+01
6.885999999999999943e+01
6.885999999999999943e+01
6.885999999999999943e+01
6.885999999999999943e+01
6.885999999999999943e+01
6.856799999999999784e+01
6.856799999999999784e+01
6.856799999999999784e+01
6.856799999999999784e+01
6.856799999999999784e+01
6.856799999999999784e+01
6.856799999999999784e+01
6.856799999999999784e+01
6.856799999999999784e+01
6.856799999999999784e+01
6.856799999999999784e+01
6.856799999999999784e+01
6.856799999999999784e+01
6.856799999999999784e+01
6.856799999999999784e+01
6.856799999999999784e+01
6.856799999999999784e+01
6.856799999999999784e+01
6.856799999999999784e+01
6.856799999999999784e+01
6.856799999999999784e+01
6.856799999999999784e+01
6.856799999999999784e+01
6.856799999999999784e+01
6.856799999999999784e+01
6.856799999999999784e+01
6.856799999999999784e+01
6.856799999999999784e+01
6.856799999999999784e+01
6.856799999999999784e+01
6.856799999999999784e+01
6.856799999999999784e+01
6.856799999999999784e+01
6.856799999999999784e+01
6.856799999999999784e+01
6.856799999999999784e+01
6.856799999999999784e+01
6.856799999999999784e+01
6.856799999999999784e+01
6.856799999999999784e+01
6.856799999999999784e+01
6.856799999999999784e+01
6.856799999999999784e+01
6.856799999999999784e+01
6.856799999999999784e+01
6.856799999999999784e+01
6.856799999999999784e+01
6.856799999999999784e+01
6.856799999999999784e+01
6.856799999999999784e+01
6.856699999999999307e+01
6.856699999999999307e+01
6.856699999999999307e+01
6.856699999999999307e+01
6.856699999999999307e+01
6.856699999999999307e+01
6.856699999999999307e+01
6.856699999999999307e+01
6.856699999999999307e+01
6.856699999999999307e+01
6.856699999999999307e+01
6.856699999999999307e+01
6.856699999999999307e+01
6.856699999999999307e+01
6.856699999999999307e+01
6.856699999999999307e+01
6.856699999999999307e+01
6.856699999999999307e+01
6.856699999999999307e+01
6.856699999999999307e+01
6.856699999999999307e+01
6.856699999999999307e+01
6.856699999999999307e+01
6.856699999999999307e+01
6.856699999999999307e+01
